{"numFailedTestSuites":2,"numFailedTests":3,"numPassedTestSuites":3,"numPassedTests":13,"numPendingTestSuites":0,"numPendingTests":0,"numRuntimeErrorTestSuites":0,"numTodoTests":0,"numTotalTestSuites":5,"numTotalTests":16,"openHandles":[],"snapshot":{"added":0,"didUpdate":false,"failure":false,"filesAdded":0,"filesRemoved":0,"filesRemovedList":[],"filesUnmatched":0,"filesUpdated":0,"matched":0,"total":0,"unchecked":0,"uncheckedKeysByFile":[],"unmatched":0,"updated":0},"startTime":1784282752052,"success":false,"testResults":[{"assertionResults":[{"ancestorTitles":["Auth e2e: refresh/revoke"],"duration":3223,"failing":false,"failureDetails":[],"failureMessages":[],"fullName":"Auth e2e: refresh/revoke register -> login -> refresh -> revoke","invocations":1,"location":null,"numPassingAsserts":7,"retryReasons":[],"startAt":1784282762406,"status":"passed","title":"register -> login -> refresh -> revoke"},{"ancestorTitles":["Multi-tenant isolation"],"duration":1,"failing":false,"failureDetails":[{"matcherResult":{"actual":400,"expected":201,"message":"\u001b[2mexpect(\u001b[22m\u001b[31mreceived\u001b[39m\u001b[2m).\u001b[22mtoBe\u001b[2m(\u001b[22m\u001b[32mexpected\u001b[39m\u001b[2m) // Object.is equality\u001b[22m\n\nExpected: \u001b[32m201\u001b[39m\nReceived: \u001b[31m400\u001b[39m","name":"toBe","pass":false}}],"failureMessages":["Error: \u001b[2mexpect(\u001b[22m\u001b[31mreceived\u001b[39m\u001b[2m).\u001b[22mtoBe\u001b[2m(\u001b[22m\u001b[32mexpected\u001b[39m\u001b[2m) // Object.is equality\u001b[22m\n\nExpected: \u001b[32m201\u001b[39m\nReceived: \u001b[31m400\u001b[39m\n    at createSupplier (C:\\Users\\gonca\\OneDrive\\Ambiente de Trabalho\\website\\logistica-multi-tenant-clean\\backend-nest\\test\\auth.e2e-spec.ts:21:27)\n    at processTicksAndRejections (node:internal/process/task_queues:105:5)\n    at Object.<anonymous> (C:\\Users\\gonca\\OneDrive\\Ambiente de Trabalho\\website\\logistica-multi-tenant-clean\\backend-nest\\test\\auth.e2e-spec.ts:124:25)"],"fullName":"Multi-tenant isolation users from different companies cannot access each other data","invocations":1,"location":null,"numPassingAsserts":0,"retryReasons":[],"startAt":1784282766863,"status":"failed","title":"users from different companies cannot access each other data"}],"endTime":1784282767073,"message":"\u001b[1m\u001b[31m  \u001b[1m● \u001b[22m\u001b[1mMulti-tenant isolation › users from different companies cannot access each other data\u001b[39m\u001b[22m\n\n    \u001b[2mexpect(\u001b[22m\u001b[31mreceived\u001b[39m\u001b[2m).\u001b[22mtoBe\u001b[2m(\u001b[22m\u001b[32mexpected\u001b[39m\u001b[2m) // Object.is equality\u001b[22m\n\n    Expected: \u001b[32m201\u001b[39m\n    Received: \u001b[31m400\u001b[39m\n\u001b[2m\u001b[22m\n\u001b[2m    \u001b[0m \u001b[90m 19 |\u001b[39m     })\u001b[33m;\u001b[39m\u001b[22m\n\u001b[2m     \u001b[90m 20 |\u001b[39m\u001b[22m\n\u001b[2m    \u001b[31m\u001b[1m>\u001b[22m\u001b[2m\u001b[39m\u001b[90m 21 |\u001b[39m   expect(response\u001b[33m.\u001b[39mstatus)\u001b[33m.\u001b[39mtoBe(\u001b[35m201\u001b[39m)\u001b[33m;\u001b[39m\u001b[22m\n\u001b[2m     \u001b[90m    |\u001b[39m                           \u001b[31m\u001b[1m^\u001b[22m\u001b[2m\u001b[39m\u001b[22m\n\u001b[2m     \u001b[90m 22 |\u001b[39m   \u001b[36mreturn\u001b[39m response\u001b[33m.\u001b[39mbody\u001b[33m.\u001b[39mid\u001b[33m;\u001b[39m\u001b[22m\n\u001b[2m     \u001b[90m 23 |\u001b[39m }\u001b[22m\n\u001b[2m     \u001b[90m 24 |\u001b[39m\u001b[0m\u001b[22m\n\u001b[2m\u001b[22m\n\u001b[2m      \u001b[2mat createSupplier (\u001b[22m\u001b[2m\u001b[0m\u001b[36mtest/auth.e2e-spec.ts\u001b[39m\u001b[0m\u001b[2m:21:27)\u001b[22m\u001b[2m\u001b[22m\n\u001b[2m      \u001b[2mat Object.<anonymous> (\u001b[22m\u001b[2m\u001b[0m\u001b[36mtest/auth.e2e-spec.ts\u001b[39m\u001b[0m\u001b[2m:124:25)\u001b[22m\u001b[2m\u001b[22m\n","name":"C:\\Users\\gonca\\OneDrive\\Ambiente de Trabalho\\website\\logistica-multi-tenant-clean\\backend-nest\\test\\auth.e2e-spec.ts","startTime":1784282752770,"status":"failed","summary":""},{"assertionResults":[{"ancestorTitles":["API Health Checks - E2E","GET /api"],"duration":20,"failing":false,"failureDetails":[],"failureMessages":[],"fullName":"API Health Checks - E2E GET /api should return 200 OK from root endpoint","invocations":1,"location":null,"numPassingAsserts":2,"retryReasons":[],"startAt":1784282770538,"status":"passed","title":"should return 200 OK from root endpoint"},{"ancestorTitles":["API Health Checks - E2E","GET /health"],"duration":43,"failing":false,"failureDetails":[],"failureMessages":[],"fullName":"API Health Checks - E2E GET /health should return 200 OK and health metadata","invocations":1,"location":null,"numPassingAsserts":8,"retryReasons":[],"startAt":1784282770559,"status":"passed","title":"should return 200 OK and health metadata"},{"ancestorTitles":["API Health Checks - E2E","GET /api/docs"],"duration":8,"failing":false,"failureDetails":[],"failureMessages":[],"fullName":"API Health Checks - E2E GET /api/docs should return Swagger API documentation","invocations":1,"location":null,"numPassingAsserts":1,"retryReasons":[],"startAt":1784282770603,"status":"passed","title":"should return Swagger API documentation"},{"ancestorTitles":["API Health Checks - E2E","Auth Endpoints"],"duration":44,"failing":false,"failureDetails":[],"failureMessages":[],"fullName":"API Health Checks - E2E Auth Endpoints should reject login with invalid credentials (404 user not found)","invocations":1,"location":null,"numPassingAsserts":2,"retryReasons":[],"startAt":1784282770613,"status":"passed","title":"should reject login with invalid credentials (404 user not found)"},{"ancestorTitles":["API Health Checks - E2E","Auth Endpoints"],"duration":8,"failing":false,"failureDetails":[],"failureMessages":[],"fullName":"API Health Checks - E2E Auth Endpoints should reject requests without JWT token to protected routes","invocations":1,"location":null,"numPassingAsserts":1,"retryReasons":[],"startAt":1784282770658,"status":"passed","title":"should reject requests without JWT token to protected routes"},{"ancestorTitles":["API Health Checks - E2E","CORS & Security Headers"],"duration":16,"failing":false,"failureDetails":[],"failureMessages":[],"fullName":"API Health Checks - E2E CORS & Security Headers should not allow CORS headers from unauthorized origins","invocations":1,"location":null,"numPassingAsserts":1,"retryReasons":[],"startAt":1784282770667,"status":"passed","title":"should not allow CORS headers from unauthorized origins"},{"ancestorTitles":["API Health Checks - E2E","CORS & Security Headers"],"duration":21,"failing":false,"failureDetails":[],"failureMessages":[],"fullName":"API Health Checks - E2E CORS & Security Headers should set security headers","invocations":1,"location":null,"numPassingAsserts":1,"retryReasons":[],"startAt":1784282770684,"status":"passed","title":"should set security headers"},{"ancestorTitles":["API Health Checks - E2E","Error Handling"],"duration":10,"failing":false,"failureDetails":[],"failureMessages":[],"fullName":"API Health Checks - E2E Error Handling should return 404 for non-existent routes","invocations":1,"location":null,"numPassingAsserts":1,"retryReasons":[],"startAt":1784282770707,"status":"passed","title":"should return 404 for non-existent routes"},{"ancestorTitles":["API Health Checks - E2E","Error Handling"],"duration":19,"failing":false,"failureDetails":[],"failureMessages":[],"fullName":"API Health Checks - E2E Error Handling should return validation error for malformed requests","invocations":1,"location":null,"numPassingAsserts":1,"retryReasons":[],"startAt":1784282770719,"status":"passed","title":"should return validation error for malformed requests"},{"ancestorTitles":["Multi-Tenant Data Isolation - E2E"],"duration":12,"failing":false,"failureDetails":[{"matcherResult":{"actual":404,"expected":401,"message":"\u001b[2mexpect(\u001b[22m\u001b[31mreceived\u001b[39m\u001b[2m).\u001b[22mtoBe\u001b[2m(\u001b[22m\u001b[32mexpected\u001b[39m\u001b[2m) // Object.is equality\u001b[22m\n\nExpected: \u001b[32m401\u001b[39m\nReceived: \u001b[31m404\u001b[39m","name":"toBe","pass":false}}],"failureMessages":["Error: \u001b[2mexpect(\u001b[22m\u001b[31mreceived\u001b[39m\u001b[2m).\u001b[22mtoBe\u001b[2m(\u001b[22m\u001b[32mexpected\u001b[39m\u001b[2m) // Object.is equality\u001b[22m\n\nExpected: \u001b[32m401\u001b[39m\nReceived: \u001b[31m404\u001b[39m\n    at Object.<anonymous> (C:\\Users\\gonca\\OneDrive\\Ambiente de Trabalho\\website\\logistica-multi-tenant-clean\\backend-nest\\test\\api.e2e-spec.ts:132:29)\n    at processTicksAndRejections (node:internal/process/task_queues:105:5)"],"fullName":"Multi-Tenant Data Isolation - E2E should deny access to protected endpoints without JWT","invocations":1,"location":null,"numPassingAsserts":0,"retryReasons":[],"startAt":1784282771114,"status":"failed","title":"should deny access to protected endpoints without JWT"},{"ancestorTitles":["Multi-Tenant Data Isolation - E2E"],"duration":10,"failing":false,"failureDetails":[{"matcherResult":{"message":"\u001b[2mexpect(\u001b[22m\u001b[31mreceived\u001b[39m\u001b[2m).\u001b[22mtoContain\u001b[2m(\u001b[22m\u001b[32mexpected\u001b[39m\u001b[2m) // indexOf\u001b[22m\n\nExpected value: \u001b[32m404\u001b[39m\nReceived array: \u001b[31m[401, 403]\u001b[39m","pass":false}}],"failureMessages":["Error: \u001b[2mexpect(\u001b[22m\u001b[31mreceived\u001b[39m\u001b[2m).\u001b[22mtoContain\u001b[2m(\u001b[22m\u001b[32mexpected\u001b[39m\u001b[2m) // indexOf\u001b[22m\n\nExpected value: \u001b[32m404\u001b[39m\nReceived array: \u001b[31m[401, 403]\u001b[39m\n    at Object.<anonymous> (C:\\Users\\gonca\\OneDrive\\Ambiente de Trabalho\\website\\logistica-multi-tenant-clean\\backend-nest\\test\\api.e2e-spec.ts:145:24)\n    at processTicksAndRejections (node:internal/process/task_queues:105:5)"],"fullName":"Multi-Tenant Data Isolation - E2E should return 403 Forbidden for unauthorized roles","invocations":1,"location":null,"numPassingAsserts":0,"retryReasons":[],"startAt":1784282771138,"status":"failed","title":"should return 403 Forbidden for unauthorized roles"}],"endTime":1784282771213,"message":"\u001b[1m\u001b[31m  \u001b[1m● \u001b[22m\u001b[1mMulti-Tenant Data Isolation - E2E › should deny access to protected endpoints without JWT\u001b[39m\u001b[22m\n\n    \u001b[2mexpect(\u001b[22m\u001b[31mreceived\u001b[39m\u001b[2m).\u001b[22mtoBe\u001b[2m(\u001b[22m\u001b[32mexpected\u001b[39m\u001b[2m) // Object.is equality\u001b[22m\n\n    Expected: \u001b[32m401\u001b[39m\n    Received: \u001b[31m404\u001b[39m\n\u001b[2m\u001b[22m\n\u001b[2m    \u001b[0m \u001b[90m 130 |\u001b[39m     \u001b[36mconst\u001b[39m response \u001b[33m=\u001b[39m \u001b[36mawait\u001b[39m request(app\u001b[33m.\u001b[39mgetHttpServer())\u001b[33m.\u001b[39m\u001b[36mget\u001b[39m(\u001b[32m'/api/products'\u001b[39m)\u001b[33m;\u001b[39m\u001b[22m\n\u001b[2m     \u001b[90m 131 |\u001b[39m\u001b[22m\n\u001b[2m    \u001b[31m\u001b[1m>\u001b[22m\u001b[2m\u001b[39m\u001b[90m 132 |\u001b[39m     expect(response\u001b[33m.\u001b[39mstatus)\u001b[33m.\u001b[39mtoBe(\u001b[35m401\u001b[39m)\u001b[33m;\u001b[39m\u001b[22m\n\u001b[2m     \u001b[90m     |\u001b[39m                             \u001b[31m\u001b[1m^\u001b[22m\u001b[2m\u001b[39m\u001b[22m\n\u001b[2m     \u001b[90m 133 |\u001b[39m     expect(response\u001b[33m.\u001b[39mbody)\u001b[33m.\u001b[39mtoHaveProperty(\u001b[32m'message'\u001b[39m)\u001b[33m;\u001b[39m\u001b[22m\n\u001b[2m     \u001b[90m 134 |\u001b[39m   })\u001b[33m;\u001b[39m\u001b[22m\n\u001b[2m     \u001b[90m 135 |\u001b[39m\u001b[0m\u001b[22m\n\u001b[2m\u001b[22m\n\u001b[2m      \u001b[2mat Object.<anonymous> (\u001b[22m\u001b[2m\u001b[0m\u001b[36mtest/api.e2e-spec.ts\u001b[39m\u001b[0m\u001b[2m:132:29)\u001b[22m\u001b[2m\u001b[22m\n\n\u001b[1m\u001b[31m  \u001b[1m● \u001b[22m\u001b[1mMulti-Tenant Data Isolation - E2E › should return 403 Forbidden for unauthorized roles\u001b[39m\u001b[22m\n\n    \u001b[2mexpect(\u001b[22m\u001b[31mreceived\u001b[39m\u001b[2m).\u001b[22mtoContain\u001b[2m(\u001b[22m\u001b[32mexpected\u001b[39m\u001b[2m) // indexOf\u001b[22m\n\n    Expected value: \u001b[32m404\u001b[39m\n    Received array: \u001b[31m[401, 403]\u001b[39m\n\u001b[2m\u001b[22m\n\u001b[2m    \u001b[0m \u001b[90m 143 |\u001b[39m       \u001b[33m.\u001b[39m\u001b[36mset\u001b[39m(\u001b[32m'Authorization'\u001b[39m\u001b[33m,\u001b[39m \u001b[32m`Bearer ${testToken}`\u001b[39m)\u001b[33m;\u001b[39m\u001b[22m\n\u001b[2m     \u001b[90m 144 |\u001b[39m\u001b[22m\n\u001b[2m    \u001b[31m\u001b[1m>\u001b[22m\u001b[2m\u001b[39m\u001b[90m 145 |\u001b[39m     expect([\u001b[35m401\u001b[39m\u001b[33m,\u001b[39m \u001b[35m403\u001b[39m])\u001b[33m.\u001b[39mtoContain(response\u001b[33m.\u001b[39mstatus)\u001b[33m;\u001b[39m\u001b[22m\n\u001b[2m     \u001b[90m     |\u001b[39m                        \u001b[31m\u001b[1m^\u001b[22m\u001b[2m\u001b[39m\u001b[22m\n\u001b[2m     \u001b[90m 146 |\u001b[39m   })\u001b[33m;\u001b[39m\u001b[22m\n\u001b[2m     \u001b[90m 147 |\u001b[39m })\u001b[33m;\u001b[39m\u001b[22m\n\u001b[2m     \u001b[90m 148 |\u001b[39m\u001b[0m\u001b[22m\n\u001b[2m\u001b[22m\n\u001b[2m      \u001b[2mat Object.<anonymous> (\u001b[22m\u001b[2m\u001b[0m\u001b[36mtest/api.e2e-spec.ts\u001b[39m\u001b[0m\u001b[2m:145:24)\u001b[22m\u001b[2m\u001b[22m\n","name":"C:\\Users\\gonca\\OneDrive\\Ambiente de Trabalho\\website\\logistica-multi-tenant-clean\\backend-nest\\test\\api.e2e-spec.ts","startTime":1784282767161,"status":"failed","summary":""},{"assertionResults":[{"ancestorTitles":["Transports e2e"],"duration":325,"failing":false,"failureDetails":[],"failureMessages":[],"fullName":"Transports e2e create transport, add product and set delivered","invocations":1,"location":null,"numPassingAsserts":9,"retryReasons":[],"startAt":1784282774929,"status":"passed","title":"create transport, add product and set delivered"}],"endTime":1784282775440,"message":"","name":"C:\\Users\\gonca\\OneDrive\\Ambiente de Trabalho\\website\\logistica-multi-tenant-clean\\backend-nest\\test\\transports.e2e-spec.ts","startTime":1784282771277,"status":"passed","summary":""},{"assertionResults":[{"ancestorTitles":["Registration e2e"],"duration":385,"failing":false,"failureDetails":[],"failureMessages":[],"fullName":"Registration e2e should register company and create admin user","invocations":1,"location":null,"numPassingAsserts":11,"retryReasons":[],"startAt":1784282778849,"status":"passed","title":"should register company and create admin user"}],"endTime":1784282779402,"message":"","name":"C:\\Users\\gonca\\OneDrive\\Ambiente de Trabalho\\website\\logistica-multi-tenant-clean\\backend-nest\\test\\registration.e2e-spec.ts","startTime":1784282775553,"status":"passed","summary":""},{"assertionResults":[{"ancestorTitles":["AppController (e2e)"],"duration":373,"failing":false,"failureDetails":[],"failureMessages":[],"fullName":"AppController (e2e) / (GET)","invocations":1,"location":null,"numPassingAsserts":0,"retryReasons":[],"startAt":1784282782126,"status":"passed","title":"/ (GET)"}],"endTime":1784282782501,"message":"","name":"C:\\Users\\gonca\\OneDrive\\Ambiente de Trabalho\\website\\logistica-multi-tenant-clean\\backend-nest\\test\\app.e2e-spec.ts","startTime":1784282779463,"status":"passed","summary":""}],"wasInterrupted":false}
